Started GET "/" for ::1 at 2024-10-14 11:48:26 +0200
  [1m[35m (0.6ms)[0m  [1m[35mCREATE TABLE "schema_migrations" ("version" varchar NOT NULL PRIMARY KEY)[0m
  [1m[35m (0.1ms)[0m  [1m[35mCREATE TABLE "ar_internal_metadata" ("key" varchar NOT NULL PRIMARY KEY, "value" varchar, "created_at" datetime(6) NOT NULL, "updated_at" datetime(6) NOT NULL)[0m
  [1m[36mActiveRecord::SchemaMigration Load (0.2ms)[0m  [1m[34mSELECT "schema_migrations"."version" FROM "schema_migrations" ORDER BY "schema_migrations"."version" ASC[0m
Processing by Rails::WelcomeController#index as HTML
  Rendering /Users/cesarguillen/.asdf/installs/ruby/3.2.4/lib/ruby/gems/3.2.0/gems/railties-7.2.1/lib/rails/templates/rails/welcome/index.html.erb
  Rendered /Users/cesarguillen/.asdf/installs/ruby/3.2.4/lib/ruby/gems/3.2.0/gems/railties-7.2.1/lib/rails/templates/rails/welcome/index.html.erb (Duration: 1.4ms | GC: 0.0ms)
Completed 200 OK in 100ms (Views: 22.0ms | ActiveRecord: 0.0ms (0 queries, 0 cached) | GC: 0.0ms)


Started GET "/articles" for ::1 at 2024-10-14 11:51:50 +0200
Processing by ArticlesController#index as HTML
  Rendering layout layouts/application.html.erb
  Rendering articles/index.html.erb within layouts/application
  Rendered articles/index.html.erb within layouts/application (Duration: 0.3ms | GC: 0.0ms)
  Rendered layout layouts/application.html.erb (Duration: 212.4ms | GC: 27.2ms)
Completed 200 OK in 354ms (Views: 215.4ms | ActiveRecord: 0.0ms (0 queries, 0 cached) | GC: 27.2ms)


Started GET "/manifest.json" for ::1 at 2024-10-14 11:51:51 +0200
  
ActionController::RoutingError (No route matches [GET] "/manifest.json"):
  
Started GET "/articles" for ::1 at 2024-10-14 11:53:15 +0200
Processing by ArticlesController#index as HTML
  Rendering layout layouts/application.html.erb
  Rendering articles/index.html.erb within layouts/application
  Rendered articles/index.html.erb within layouts/application (Duration: 0.2ms | GC: 0.0ms)
  Rendered layout layouts/application.html.erb (Duration: 90.2ms | GC: 0.0ms)
Completed 200 OK in 93ms (Views: 91.8ms | ActiveRecord: 0.0ms (0 queries, 0 cached) | GC: 0.0ms)


Started GET "/manifest.json" for ::1 at 2024-10-14 11:53:15 +0200
  
ActionController::RoutingError (No route matches [GET] "/manifest.json"):
  
Started GET "/" for ::1 at 2024-10-14 11:53:17 +0200
Processing by ArticlesController#index as HTML
  Rendering layout layouts/application.html.erb
  Rendering articles/index.html.erb within layouts/application
  Rendered articles/index.html.erb within layouts/application (Duration: 0.1ms | GC: 0.0ms)
  Rendered layout layouts/application.html.erb (Duration: 4.9ms | GC: 0.0ms)
Completed 200 OK in 7ms (Views: 5.9ms | ActiveRecord: 0.0ms (0 queries, 0 cached) | GC: 0.5ms)


Started GET "/manifest.json" for ::1 at 2024-10-14 11:53:17 +0200
  
ActionController::RoutingError (No route matches [GET] "/manifest.json"):
  
  [1m[36mActiveRecord::InternalMetadata Load (0.1ms)[0m  [1m[34mSELECT * FROM "ar_internal_metadata" WHERE "ar_internal_metadata"."key" = ? ORDER BY "ar_internal_metadata"."key" ASC LIMIT 1[0m  [[nil, "environment"]]
  [1m[36mActiveRecord::InternalMetadata Create (0.4ms)[0m  [1m[32mINSERT INTO "ar_internal_metadata" ("key", "value", "created_at", "updated_at") VALUES ('environment', 'development', '2024-10-14 09:57:53.120147', '2024-10-14 09:57:53.120148') RETURNING "key"[0m
  [1m[36mActiveRecord::SchemaMigration Load (0.0ms)[0m  [1m[34mSELECT "schema_migrations"."version" FROM "schema_migrations" ORDER BY "schema_migrations"."version" ASC[0m
Migrating to CreateArticles (20241014095435)
  [1m[36mTRANSACTION (0.0ms)[0m  [1m[36mbegin transaction[0m
  [1m[35m (0.5ms)[0m  [1m[35mCREATE TABLE "articles" ("id" integer PRIMARY KEY AUTOINCREMENT NOT NULL, "title" varchar, "body" text, "created_at" datetime(6) NOT NULL, "updated_at" datetime(6) NOT NULL)[0m
  [1m[36mActiveRecord::SchemaMigration Create (0.0ms)[0m  [1m[32mINSERT INTO "schema_migrations" ("version") VALUES ('20241014095435') RETURNING "version"[0m
  [1m[36mTRANSACTION (0.0ms)[0m  [1m[36mcommit transaction[0m
  [1m[36mActiveRecord::SchemaMigration Load (0.0ms)[0m  [1m[34mSELECT "schema_migrations"."version" FROM "schema_migrations" ORDER BY "schema_migrations"."version" ASC[0m
  [1m[36mTRANSACTION (0.0ms)[0m  [1m[36mbegin transaction[0m
  [1m[36mArticle Create (0.6ms)[0m  [1m[32mINSERT INTO "articles" ("title", "body", "created_at", "updated_at") VALUES (?, ?, ?, ?) RETURNING "id"[0m  [["title", "Hello Rails"], ["body", "I am on Rails!"], ["created_at", "2024-10-14 09:59:41.283702"], ["updated_at", "2024-10-14 09:59:41.283702"]]
  [1m[36mTRANSACTION (0.4ms)[0m  [1m[36mcommit transaction[0m
Started GET "/" for ::1 at 2024-10-14 12:07:27 +0200
  [1m[36mActiveRecord::SchemaMigration Load (0.0ms)[0m  [1m[34mSELECT "schema_migrations"."version" FROM "schema_migrations" ORDER BY "schema_migrations"."version" ASC[0m
Processing by ArticlesController#index as HTML
  Rendering layout layouts/application.html.erb
  Rendering articles/index.html.erb within layouts/application
  [1m[36mArticle Load (1.9ms)[0m  [1m[34mSELECT "articles".* FROM "articles"[0m
  ↳ app/views/articles/index.html.erb:4
  Rendered articles/index.html.erb within layouts/application (Duration: 6.8ms | GC: 0.0ms)
  Rendered layout layouts/application.html.erb (Duration: 56.1ms | GC: 4.7ms)
Completed 200 OK in 123ms (Views: 65.3ms | ActiveRecord: 2.1ms (1 query, 0 cached) | GC: 4.7ms)


Started GET "/manifest.json" for ::1 at 2024-10-14 12:07:27 +0200
  
ActionController::RoutingError (No route matches [GET] "/manifest.json"):
  
Started GET "/1" for ::1 at 2024-10-14 12:07:31 +0200
  
ActionController::RoutingError (No route matches [GET] "/1"):
  
Started GET "/favicon.ico" for ::1 at 2024-10-14 12:07:31 +0200
  
ActionController::RoutingError (No route matches [GET] "/favicon.ico"):
  
Started GET "/0" for ::1 at 2024-10-14 12:07:35 +0200
  
ActionController::RoutingError (No route matches [GET] "/0"):
  
Started GET "/manifest.json" for ::1 at 2024-10-14 12:07:38 +0200
  
ActionController::RoutingError (No route matches [GET] "/manifest.json"):
  
Started GET "/articles/1" for ::1 at 2024-10-14 12:07:52 +0200
Processing by ArticlesController#show as HTML
  Parameters: {"id"=>"1"}
  [1m[36mArticle Load (0.2ms)[0m  [1m[34mSELECT "articles".* FROM "articles" WHERE "articles"."id" = ? LIMIT ?[0m  [["id", 1], ["LIMIT", 1]]
  ↳ app/controllers/articles_controller.rb:7:in `show'
  Rendering layout layouts/application.html.erb
  Rendering articles/show.html.erb within layouts/application
  Rendered articles/show.html.erb within layouts/application (Duration: 0.6ms | GC: 0.0ms)
  Rendered layout layouts/application.html.erb (Duration: 6.5ms | GC: 0.0ms)
Completed 200 OK in 25ms (Views: 7.2ms | ActiveRecord: 0.2ms (1 query, 0 cached) | GC: 0.3ms)


Started GET "/manifest.json" for ::1 at 2024-10-14 12:07:52 +0200
  
ActionController::RoutingError (No route matches [GET] "/manifest.json"):
  
Started GET "/articles/1" for ::1 at 2024-10-14 12:08:25 +0200
Processing by ArticlesController#show as HTML
  Parameters: {"id"=>"1"}
  [1m[36mArticle Load (0.1ms)[0m  [1m[34mSELECT "articles".* FROM "articles" WHERE "articles"."id" = ? LIMIT ?[0m  [["id", 1], ["LIMIT", 1]]
  ↳ app/controllers/articles_controller.rb:7:in `show'
  Rendering layout layouts/application.html.erb
  Rendering articles/show.html.erb within layouts/application
  Rendered articles/show.html.erb within layouts/application (Duration: 0.3ms | GC: 0.0ms)
  Rendered layout layouts/application.html.erb (Duration: 45.0ms | GC: 0.2ms)
Completed 200 OK in 56ms (Views: 46.3ms | ActiveRecord: 4.0ms (1 query, 0 cached) | GC: 0.4ms)


Started GET "/manifest.json" for ::1 at 2024-10-14 12:08:26 +0200
  
ActionController::RoutingError (No route matches [GET] "/manifest.json"):
  
Started GET "/articles/1" for ::1 at 2024-10-14 12:09:14 +0200
Processing by ArticlesController#show as HTML
  Parameters: {"id"=>"1"}
  [1m[36mArticle Load (0.0ms)[0m  [1m[34mSELECT "articles".* FROM "articles" WHERE "articles"."id" = ? LIMIT ?[0m  [["id", 1], ["LIMIT", 1]]
  ↳ app/controllers/articles_controller.rb:7:in `show'
  Rendering layout layouts/application.html.erb
  Rendering articles/show.html.erb within layouts/application
  Rendered articles/show.html.erb within layouts/application (Duration: 0.8ms | GC: 0.0ms)
  Rendered layout layouts/application.html.erb (Duration: 0.9ms | GC: 0.0ms)
Completed 500 Internal Server Error in 8ms (ActiveRecord: 1.6ms (1 query, 0 cached) | GC: 0.0ms)


  
ActionView::Template::Error (undefined method `text' for #<Article id: 1, title: "Hello Rails", body: "I am on Rails!", created_at: "2024-10-14 09:59:41.283702000 +0000", updated_at: "2024-10-14 09:59:41.283702000 +0000">):

Causes:
NoMethodError (undefined method `text' for #<Article id: 1, title: "Hello Rails", body: "I am on Rails!", created_at: "2024-10-14 09:59:41.283702000 +0000", updated_at: "2024-10-14 09:59:41.283702000 +0000">)
    1: <h1> <%= @article.title %></h1>
    2: 
    3: <p> <%= @article.text %></p>
  
app/views/articles/show.html.erb:3
Started GET "/articles/1" for ::1 at 2024-10-14 12:09:22 +0200
Processing by ArticlesController#show as HTML
  Parameters: {"id"=>"1"}
  [1m[36mArticle Load (0.0ms)[0m  [1m[34mSELECT "articles".* FROM "articles" WHERE "articles"."id" = ? LIMIT ?[0m  [["id", 1], ["LIMIT", 1]]
  ↳ app/controllers/articles_controller.rb:7:in `show'
  Rendering layout layouts/application.html.erb
  Rendering articles/show.html.erb within layouts/application
  Rendered articles/show.html.erb within layouts/application (Duration: 0.2ms | GC: 0.0ms)
  Rendered layout layouts/application.html.erb (Duration: 22.9ms | GC: 0.5ms)
Completed 200 OK in 30ms (Views: 24.3ms | ActiveRecord: 1.8ms (1 query, 0 cached) | GC: 0.6ms)


Started GET "/manifest.json" for ::1 at 2024-10-14 12:09:22 +0200
  
ActionController::RoutingError (No route matches [GET] "/manifest.json"):
  
Started GET "/" for ::1 at 2024-10-14 12:10:04 +0200
Processing by ArticlesController#index as HTML
  Rendering layout layouts/application.html.erb
  Rendering articles/index.html.erb within layouts/application
  [1m[36mArticle Load (1.2ms)[0m  [1m[34mSELECT "articles".* FROM "articles"[0m
  ↳ app/views/articles/index.html.erb:4
  Rendered articles/index.html.erb within layouts/application (Duration: 3.4ms | GC: 0.0ms)
  Rendered layout layouts/application.html.erb (Duration: 37.6ms | GC: 2.9ms)
Completed 200 OK in 42ms (Views: 37.4ms | ActiveRecord: 1.3ms (1 query, 0 cached) | GC: 2.9ms)


Started GET "/manifest.json" for ::1 at 2024-10-14 12:10:04 +0200
  
ActionController::RoutingError (No route matches [GET] "/manifest.json"):
  
Started GET "/articles/1" for ::1 at 2024-10-14 12:10:06 +0200
Processing by ArticlesController#show as HTML
  Parameters: {"id"=>"1"}
  [1m[36mArticle Load (0.2ms)[0m  [1m[34mSELECT "articles".* FROM "articles" WHERE "articles"."id" = ? LIMIT ?[0m  [["id", 1], ["LIMIT", 1]]
  ↳ app/controllers/articles_controller.rb:7:in `show'
  Rendering layout layouts/application.html.erb
  Rendering articles/show.html.erb within layouts/application
  Rendered articles/show.html.erb within layouts/application (Duration: 0.5ms | GC: 0.0ms)
  Rendered layout layouts/application.html.erb (Duration: 5.3ms | GC: 0.0ms)
Completed 200 OK in 12ms (Views: 5.9ms | ActiveRecord: 0.2ms (1 query, 0 cached) | GC: 1.2ms)


Started GET "/" for ::1 at 2024-10-14 12:12:09 +0200
Processing by ArticlesController#index as HTML
  Rendering layout layouts/application.html.erb
  Rendering articles/index.html.erb within layouts/application
  [1m[36mArticle Load (0.8ms)[0m  [1m[34mSELECT "articles".* FROM "articles"[0m
  ↳ app/views/articles/index.html.erb:4
  Rendered articles/index.html.erb within layouts/application (Duration: 3.0ms | GC: 0.2ms)
  Rendered layout layouts/application.html.erb (Duration: 28.2ms | GC: 0.7ms)
Completed 200 OK in 31ms (Views: 28.1ms | ActiveRecord: 1.0ms (1 query, 0 cached) | GC: 0.7ms)


Started GET "/manifest.json" for ::1 at 2024-10-14 12:12:09 +0200
  
ActionController::RoutingError (No route matches [GET] "/manifest.json"):
  
Started GET "/articles/1" for ::1 at 2024-10-14 12:12:10 +0200
Processing by ArticlesController#show as HTML
  Parameters: {"id"=>"1"}
  [1m[36mArticle Load (0.2ms)[0m  [1m[34mSELECT "articles".* FROM "articles" WHERE "articles"."id" = ? LIMIT ?[0m  [["id", 1], ["LIMIT", 1]]
  ↳ app/controllers/articles_controller.rb:7:in `show'
  Rendering layout layouts/application.html.erb
  Rendering articles/show.html.erb within layouts/application
  Rendered articles/show.html.erb within layouts/application (Duration: 0.4ms | GC: 0.0ms)
  Rendered layout layouts/application.html.erb (Duration: 4.8ms | GC: 0.0ms)
Completed 200 OK in 9ms (Views: 5.2ms | ActiveRecord: 0.2ms (1 query, 0 cached) | GC: 0.1ms)


Started GET "/articles/1" for ::1 at 2024-10-14 12:12:11 +0200
Processing by ArticlesController#show as HTML
  Parameters: {"id"=>"1"}
  [1m[36mArticle Load (0.1ms)[0m  [1m[34mSELECT "articles".* FROM "articles" WHERE "articles"."id" = ? LIMIT ?[0m  [["id", 1], ["LIMIT", 1]]
  ↳ app/controllers/articles_controller.rb:7:in `show'
  Rendering layout layouts/application.html.erb
  Rendering articles/show.html.erb within layouts/application
  Rendered articles/show.html.erb within layouts/application (Duration: 0.1ms | GC: 0.0ms)
  Rendered layout layouts/application.html.erb (Duration: 3.7ms | GC: 0.0ms)
Completed 200 OK in 6ms (Views: 4.0ms | ActiveRecord: 0.1ms (1 query, 0 cached) | GC: 0.0ms)


Started GET "/manifest.json" for ::1 at 2024-10-14 12:12:11 +0200
  
ActionController::RoutingError (No route matches [GET] "/manifest.json"):
  
Started GET "/" for ::1 at 2024-10-14 12:12:12 +0200
Processing by ArticlesController#index as HTML
  Rendering layout layouts/application.html.erb
  Rendering articles/index.html.erb within layouts/application
  [1m[36mArticle Load (0.1ms)[0m  [1m[34mSELECT "articles".* FROM "articles"[0m
  ↳ app/views/articles/index.html.erb:4
  Rendered articles/index.html.erb within layouts/application (Duration: 1.1ms | GC: 0.0ms)
  Rendered layout layouts/application.html.erb (Duration: 4.5ms | GC: 0.2ms)
Completed 200 OK in 6ms (Views: 4.8ms | ActiveRecord: 0.1ms (1 query, 0 cached) | GC: 0.2ms)


Started GET "/" for ::1 at 2024-10-14 12:12:57 +0200
Processing by ArticlesController#index as HTML
  Rendering layout layouts/application.html.erb
  Rendering articles/index.html.erb within layouts/application
  [1m[36mArticle Load (0.9ms)[0m  [1m[34mSELECT "articles".* FROM "articles"[0m
  ↳ app/views/articles/index.html.erb:4
  Rendered articles/index.html.erb within layouts/application (Duration: 2.6ms | GC: 0.0ms)
  Rendered layout layouts/application.html.erb (Duration: 25.6ms | GC: 1.8ms)
Completed 200 OK in 28ms (Views: 25.4ms | ActiveRecord: 1.0ms (1 query, 0 cached) | GC: 1.8ms)


Started GET "/manifest.json" for ::1 at 2024-10-14 12:12:57 +0200
  
ActionController::RoutingError (No route matches [GET] "/manifest.json"):
  
Started GET "/articles/1" for ::1 at 2024-10-14 12:12:59 +0200
Processing by ArticlesController#show as HTML
  Parameters: {"id"=>"1"}
  [1m[36mArticle Load (0.2ms)[0m  [1m[34mSELECT "articles".* FROM "articles" WHERE "articles"."id" = ? LIMIT ?[0m  [["id", 1], ["LIMIT", 1]]
  ↳ app/controllers/articles_controller.rb:7:in `show'
  Rendering layout layouts/application.html.erb
  Rendering articles/show.html.erb within layouts/application
  Rendered articles/show.html.erb within layouts/application (Duration: 0.4ms | GC: 0.0ms)
  Rendered layout layouts/application.html.erb (Duration: 4.5ms | GC: 0.0ms)
Completed 200 OK in 8ms (Views: 4.8ms | ActiveRecord: 0.1ms (1 query, 0 cached) | GC: 0.5ms)


Started GET "/articles/1" for ::1 at 2024-10-14 12:13:00 +0200
Processing by ArticlesController#show as HTML
  Parameters: {"id"=>"1"}
  [1m[36mArticle Load (0.1ms)[0m  [1m[34mSELECT "articles".* FROM "articles" WHERE "articles"."id" = ? LIMIT ?[0m  [["id", 1], ["LIMIT", 1]]
  ↳ app/controllers/articles_controller.rb:7:in `show'
  Rendering layout layouts/application.html.erb
  Rendering articles/show.html.erb within layouts/application
  Rendered articles/show.html.erb within layouts/application (Duration: 0.1ms | GC: 0.0ms)
  Rendered layout layouts/application.html.erb (Duration: 3.6ms | GC: 0.0ms)
Completed 200 OK in 6ms (Views: 3.9ms | ActiveRecord: 0.1ms (1 query, 0 cached) | GC: 0.0ms)


Started GET "/manifest.json" for ::1 at 2024-10-14 12:13:00 +0200
  
ActionController::RoutingError (No route matches [GET] "/manifest.json"):
  
Started GET "/" for ::1 at 2024-10-14 12:13:01 +0200
Processing by ArticlesController#index as HTML
  Rendering layout layouts/application.html.erb
  Rendering articles/index.html.erb within layouts/application
  [1m[36mArticle Load (0.1ms)[0m  [1m[34mSELECT "articles".* FROM "articles"[0m
  ↳ app/views/articles/index.html.erb:4
  Rendered articles/index.html.erb within layouts/application (Duration: 1.4ms | GC: 0.0ms)
  Rendered layout layouts/application.html.erb (Duration: 5.0ms | GC: 0.0ms)
Completed 200 OK in 7ms (Views: 5.3ms | ActiveRecord: 0.1ms (1 query, 0 cached) | GC: 0.0ms)


Started GET "/articles/1" for ::1 at 2024-10-14 12:13:01 +0200
Processing by ArticlesController#show as HTML
  Parameters: {"id"=>"1"}
  [1m[36mArticle Load (0.1ms)[0m  [1m[34mSELECT "articles".* FROM "articles" WHERE "articles"."id" = ? LIMIT ?[0m  [["id", 1], ["LIMIT", 1]]
  ↳ app/controllers/articles_controller.rb:7:in `show'
  Rendering layout layouts/application.html.erb
  Rendering articles/show.html.erb within layouts/application
  Rendered articles/show.html.erb within layouts/application (Duration: 0.1ms | GC: 0.0ms)
  Rendered layout layouts/application.html.erb (Duration: 3.6ms | GC: 0.2ms)
Completed 200 OK in 6ms (Views: 3.9ms | ActiveRecord: 0.1ms (1 query, 0 cached) | GC: 0.2ms)


Started GET "/" for ::1 at 2024-10-14 12:35:37 +0200
Processing by ArticlesController#index as HTML
  Rendering layout layouts/application.html.erb
  Rendering articles/index.html.erb within layouts/application
  [1m[36mArticle Load (4.1ms)[0m  [1m[34mSELECT "articles".* FROM "articles"[0m
  ↳ app/views/articles/index.html.erb:4
  Rendered articles/index.html.erb within layouts/application (Duration: 6.5ms | GC: 0.1ms)
  Rendered layout layouts/application.html.erb (Duration: 41.9ms | GC: 0.3ms)
Completed 200 OK in 47ms (Views: 38.9ms | ActiveRecord: 4.1ms (1 query, 0 cached) | GC: 0.3ms)


Started GET "/manifest.json" for ::1 at 2024-10-14 12:35:37 +0200
  
ActionController::RoutingError (No route matches [GET] "/manifest.json"):
  
Started GET "/articles/1" for ::1 at 2024-10-14 12:35:39 +0200
Processing by ArticlesController#show as HTML
  Parameters: {"id"=>"1"}
  [1m[36mArticle Load (0.3ms)[0m  [1m[34mSELECT "articles".* FROM "articles" WHERE "articles"."id" = ? LIMIT ?[0m  [["id", 1], ["LIMIT", 1]]
  ↳ app/controllers/articles_controller.rb:7:in `show'
  Rendering layout layouts/application.html.erb
  Rendering articles/show.html.erb within layouts/application
  Rendered articles/show.html.erb within layouts/application (Duration: 1.2ms | GC: 0.0ms)
  Rendered layout layouts/application.html.erb (Duration: 8.3ms | GC: 0.0ms)
Completed 200 OK in 15ms (Views: 9.0ms | ActiveRecord: 0.3ms (1 query, 0 cached) | GC: 0.3ms)


Started GET "/articles/1" for ::1 at 2024-10-14 12:35:39 +0200
Processing by ArticlesController#show as HTML
  Parameters: {"id"=>"1"}
  [1m[36mArticle Load (0.2ms)[0m  [1m[34mSELECT "articles".* FROM "articles" WHERE "articles"."id" = ? LIMIT ?[0m  [["id", 1], ["LIMIT", 1]]
  ↳ app/controllers/articles_controller.rb:7:in `show'
  Rendering layout layouts/application.html.erb
  Rendering articles/show.html.erb within layouts/application
  Rendered articles/show.html.erb within layouts/application (Duration: 0.5ms | GC: 0.0ms)
  Rendered layout layouts/application.html.erb (Duration: 6.4ms | GC: 0.0ms)
Completed 200 OK in 10ms (Views: 7.0ms | ActiveRecord: 0.2ms (1 query, 0 cached) | GC: 0.0ms)


Started GET "/articles/1/edit" for ::1 at 2024-10-14 12:35:40 +0200
Processing by ArticlesController#edit as HTML
  Parameters: {"id"=>"1"}
  [1m[36mArticle Load (0.2ms)[0m  [1m[34mSELECT "articles".* FROM "articles" WHERE "articles"."id" = ? LIMIT ?[0m  [["id", 1], ["LIMIT", 1]]
  ↳ app/controllers/articles_controller.rb:25:in `edit'
  Rendering layout layouts/application.html.erb
  Rendering articles/edit.html.erb within layouts/application
  Rendered articles/_form.html.erb (Duration: 27.5ms | GC: 0.0ms)
  Rendered articles/edit.html.erb within layouts/application (Duration: 29.1ms | GC: 0.0ms)
  Rendered layout layouts/application.html.erb (Duration: 32.0ms | GC: 0.0ms)
Completed 200 OK in 36ms (Views: 32.5ms | ActiveRecord: 0.1ms (1 query, 0 cached) | GC: 0.0ms)


Started GET "/articles/1/edit" for ::1 at 2024-10-14 12:35:41 +0200
Processing by ArticlesController#edit as HTML
  Parameters: {"id"=>"1"}
  [1m[36mArticle Load (0.2ms)[0m  [1m[34mSELECT "articles".* FROM "articles" WHERE "articles"."id" = ? LIMIT ?[0m  [["id", 1], ["LIMIT", 1]]
  ↳ app/controllers/articles_controller.rb:25:in `edit'
  Rendering layout layouts/application.html.erb
  Rendering articles/edit.html.erb within layouts/application
  Rendered articles/_form.html.erb (Duration: 1.6ms | GC: 0.0ms)
  Rendered articles/edit.html.erb within layouts/application (Duration: 1.8ms | GC: 0.0ms)
  Rendered layout layouts/application.html.erb (Duration: 5.7ms | GC: 0.0ms)
Completed 200 OK in 9ms (Views: 6.2ms | ActiveRecord: 0.2ms (1 query, 0 cached) | GC: 0.0ms)


Started PATCH "/articles/1" for ::1 at 2024-10-14 12:35:46 +0200
Processing by ArticlesController#update as TURBO_STREAM
  Parameters: {"authenticity_token"=>"[FILTERED]", "article"=>{"title"=>"Hello Rails", "body"=>"I am on Rails!!"}, "commit"=>"Update Article", "id"=>"1"}
  [1m[36mArticle Load (0.1ms)[0m  [1m[34mSELECT "articles".* FROM "articles" WHERE "articles"."id" = ? LIMIT ?[0m  [["id", 1], ["LIMIT", 1]]
  ↳ app/controllers/articles_controller.rb:29:in `update'
  [1m[36mTRANSACTION (0.1ms)[0m  [1m[36mbegin transaction[0m
  ↳ app/controllers/articles_controller.rb:31:in `update'
  [1m[36mArticle Update (1.1ms)[0m  [1m[33mUPDATE "articles" SET "body" = ?, "updated_at" = ? WHERE "articles"."id" = ?[0m  [["body", "I am on Rails!!"], ["updated_at", "2024-10-14 10:35:46.902503"], ["id", 1]]
  ↳ app/controllers/articles_controller.rb:31:in `update'
  [1m[36mTRANSACTION (0.5ms)[0m  [1m[36mcommit transaction[0m
  ↳ app/controllers/articles_controller.rb:31:in `update'
Redirected to http://localhost:3000/articles/1
Completed 302 Found in 15ms (ActiveRecord: 1.8ms (2 queries, 0 cached) | GC: 5.9ms)


Started GET "/articles/1" for ::1 at 2024-10-14 12:35:46 +0200
Processing by ArticlesController#show as TURBO_STREAM
  Parameters: {"id"=>"1"}
  [1m[36mArticle Load (0.1ms)[0m  [1m[34mSELECT "articles".* FROM "articles" WHERE "articles"."id" = ? LIMIT ?[0m  [["id", 1], ["LIMIT", 1]]
  ↳ app/controllers/articles_controller.rb:7:in `show'
  Rendering layout layouts/application.html.erb
  Rendering articles/show.html.erb within layouts/application
  Rendered articles/show.html.erb within layouts/application (Duration: 0.2ms | GC: 0.0ms)
  Rendered layout layouts/application.html.erb (Duration: 4.2ms | GC: 0.6ms)
Completed 200 OK in 6ms (Views: 4.5ms | ActiveRecord: 0.1ms (1 query, 0 cached) | GC: 0.6ms)


Started GET "/articles/1/edit" for ::1 at 2024-10-14 12:35:47 +0200
Processing by ArticlesController#edit as HTML
  Parameters: {"id"=>"1"}
  [1m[36mArticle Load (0.2ms)[0m  [1m[34mSELECT "articles".* FROM "articles" WHERE "articles"."id" = ? LIMIT ?[0m  [["id", 1], ["LIMIT", 1]]
  ↳ app/controllers/articles_controller.rb:25:in `edit'
  Rendering layout layouts/application.html.erb
  Rendering articles/edit.html.erb within layouts/application
  Rendered articles/_form.html.erb (Duration: 3.4ms | GC: 1.7ms)
  Rendered articles/edit.html.erb within layouts/application (Duration: 3.7ms | GC: 1.7ms)
  Rendered layout layouts/application.html.erb (Duration: 7.3ms | GC: 1.7ms)
Completed 200 OK in 10ms (Views: 7.8ms | ActiveRecord: 0.2ms (1 query, 0 cached) | GC: 1.7ms)


Started GET "/articles/1/edit" for ::1 at 2024-10-14 12:35:51 +0200
Processing by ArticlesController#edit as HTML
  Parameters: {"id"=>"1"}
  [1m[36mArticle Load (0.1ms)[0m  [1m[34mSELECT "articles".* FROM "articles" WHERE "articles"."id" = ? LIMIT ?[0m  [["id", 1], ["LIMIT", 1]]
  ↳ app/controllers/articles_controller.rb:25:in `edit'
  Rendering layout layouts/application.html.erb
  Rendering articles/edit.html.erb within layouts/application
  Rendered articles/_form.html.erb (Duration: 1.5ms | GC: 0.0ms)
  Rendered articles/edit.html.erb within layouts/application (Duration: 1.8ms | GC: 0.0ms)
  Rendered layout layouts/application.html.erb (Duration: 6.2ms | GC: 0.0ms)
Completed 200 OK in 9ms (Views: 6.6ms | ActiveRecord: 0.1ms (1 query, 0 cached) | GC: 0.4ms)


Started GET "/articles/1" for ::1 at 2024-10-14 12:35:54 +0200
Processing by ArticlesController#show as HTML
  Parameters: {"id"=>"1"}
  [1m[36mArticle Load (0.1ms)[0m  [1m[34mSELECT "articles".* FROM "articles" WHERE "articles"."id" = ? LIMIT ?[0m  [["id", 1], ["LIMIT", 1]]
  ↳ app/controllers/articles_controller.rb:7:in `show'
  Rendering layout layouts/application.html.erb
  Rendering articles/show.html.erb within layouts/application
  Rendered articles/show.html.erb within layouts/application (Duration: 0.2ms | GC: 0.0ms)
  Rendered layout layouts/application.html.erb (Duration: 4.1ms | GC: 0.2ms)
Completed 200 OK in 6ms (Views: 4.4ms | ActiveRecord: 0.1ms (1 query, 0 cached) | GC: 0.2ms)


Started GET "/manifest.json" for ::1 at 2024-10-14 12:35:55 +0200
  
ActionController::RoutingError (No route matches [GET] "/manifest.json"):
  
Started GET "/articles/1/edit" for ::1 at 2024-10-14 12:35:56 +0200
Processing by ArticlesController#edit as HTML
  Parameters: {"id"=>"1"}
  [1m[36mArticle Load (0.2ms)[0m  [1m[34mSELECT "articles".* FROM "articles" WHERE "articles"."id" = ? LIMIT ?[0m  [["id", 1], ["LIMIT", 1]]
  ↳ app/controllers/articles_controller.rb:25:in `edit'
  Rendering layout layouts/application.html.erb
  Rendering articles/edit.html.erb within layouts/application
  Rendered articles/_form.html.erb (Duration: 1.7ms | GC: 0.0ms)
  Rendered articles/edit.html.erb within layouts/application (Duration: 1.9ms | GC: 0.0ms)
  Rendered layout layouts/application.html.erb (Duration: 5.6ms | GC: 0.0ms)
Completed 200 OK in 8ms (Views: 5.9ms | ActiveRecord: 0.2ms (1 query, 0 cached) | GC: 0.0ms)


Started GET "/articles" for ::1 at 2024-10-14 12:36:02 +0200
Processing by ArticlesController#index as HTML
  Rendering layout layouts/application.html.erb
  Rendering articles/index.html.erb within layouts/application
  [1m[36mArticle Load (0.1ms)[0m  [1m[34mSELECT "articles".* FROM "articles"[0m
  ↳ app/views/articles/index.html.erb:4
  Rendered articles/index.html.erb within layouts/application (Duration: 1.5ms | GC: 0.0ms)
  Rendered layout layouts/application.html.erb (Duration: 6.5ms | GC: 0.0ms)
Completed 200 OK in 8ms (Views: 6.8ms | ActiveRecord: 0.1ms (1 query, 0 cached) | GC: 0.0ms)


Started GET "/manifest.json" for ::1 at 2024-10-14 12:36:02 +0200
  
ActionController::RoutingError (No route matches [GET] "/manifest.json"):
  
  [1m[36mActiveRecord::InternalMetadata Load (0.3ms)[0m  [1m[34mSELECT * FROM "ar_internal_metadata" WHERE "ar_internal_metadata"."key" = ? ORDER BY "ar_internal_metadata"."key" ASC LIMIT 1[0m  [[nil, "environment"]]
  [1m[36mActiveRecord::SchemaMigration Load (0.2ms)[0m  [1m[34mSELECT "schema_migrations"."version" FROM "schema_migrations" ORDER BY "schema_migrations"."version" ASC[0m
Migrating to CreateComments (20241014103735)
  [1m[36mTRANSACTION (0.1ms)[0m  [1m[36mbegin transaction[0m
  [1m[35m (2.2ms)[0m  [1m[35mCREATE TABLE "comments" ("id" integer PRIMARY KEY AUTOINCREMENT NOT NULL, "commenter" varchar, "body" text, "article_id" integer NOT NULL, "created_at" datetime(6) NOT NULL, "updated_at" datetime(6) NOT NULL, CONSTRAINT "fk_rails_3bf61a60d3"
FOREIGN KEY ("article_id")
  REFERENCES "articles" ("id")
)[0m
  [1m[35m (0.1ms)[0m  [1m[35mCREATE INDEX "index_comments_on_article_id" ON "comments" ("article_id")[0m
  [1m[36mActiveRecord::SchemaMigration Create (0.2ms)[0m  [1m[32mINSERT INTO "schema_migrations" ("version") VALUES ('20241014103735') RETURNING "version"[0m
  [1m[36mTRANSACTION (0.3ms)[0m  [1m[36mcommit transaction[0m
  [1m[36mActiveRecord::SchemaMigration Load (0.1ms)[0m  [1m[34mSELECT "schema_migrations"."version" FROM "schema_migrations" ORDER BY "schema_migrations"."version" ASC[0m
Started GET "/articles" for ::1 at 2024-10-14 12:46:00 +0200
  [1m[36mActiveRecord::SchemaMigration Load (0.0ms)[0m  [1m[34mSELECT "schema_migrations"."version" FROM "schema_migrations" ORDER BY "schema_migrations"."version" ASC[0m
Processing by ArticlesController#index as HTML
  Rendering layout layouts/application.html.erb
  Rendering articles/index.html.erb within layouts/application
  [1m[36mArticle Load (1.1ms)[0m  [1m[34mSELECT "articles".* FROM "articles"[0m
  ↳ app/views/articles/index.html.erb:4
  Rendered articles/index.html.erb within layouts/application (Duration: 2.9ms | GC: 0.2ms)
  Rendered layout layouts/application.html.erb (Duration: 30.6ms | GC: 0.8ms)
Completed 200 OK in 64ms (Views: 35.5ms | ActiveRecord: 1.1ms (1 query, 0 cached) | GC: 1.9ms)


Started GET "/manifest.json" for ::1 at 2024-10-14 12:46:00 +0200
  
ActionController::RoutingError (No route matches [GET] "/manifest.json"):
  
Started GET "/articles/1" for ::1 at 2024-10-14 12:46:01 +0200
Processing by ArticlesController#show as HTML
  Parameters: {"id"=>"1"}
  [1m[36mArticle Load (0.3ms)[0m  [1m[34mSELECT "articles".* FROM "articles" WHERE "articles"."id" = ? LIMIT ?[0m  [["id", 1], ["LIMIT", 1]]
  ↳ app/controllers/articles_controller.rb:7:in `show'
  Rendering layout layouts/application.html.erb
  Rendering articles/show.html.erb within layouts/application
  [1m[36mComment Load (0.4ms)[0m  [1m[34mSELECT "comments".* FROM "comments" WHERE "comments"."article_id" = ?[0m  [["article_id", 1]]
  ↳ app/views/articles/show.html.erb:14
  Rendered collection of templates [0 times] (Duration: 0.0ms | GC: 0.0ms)
  Rendered comments/_form.html.erb (Duration: 53.0ms | GC: 23.0ms)
  Rendered articles/show.html.erb within layouts/application (Duration: 165.0ms | GC: 43.6ms)
  Rendered layout layouts/application.html.erb (Duration: 169.3ms | GC: 43.6ms)
Completed 200 OK in 176ms (Views: 165.4ms | ActiveRecord: 4.7ms (2 queries, 0 cached) | GC: 43.6ms)


Started GET "/articles/1" for ::1 at 2024-10-14 12:46:01 +0200
Processing by ArticlesController#show as HTML
  Parameters: {"id"=>"1"}
  [1m[36mArticle Load (0.1ms)[0m  [1m[34mSELECT "articles".* FROM "articles" WHERE "articles"."id" = ? LIMIT ?[0m  [["id", 1], ["LIMIT", 1]]
  ↳ app/controllers/articles_controller.rb:7:in `show'
  Rendering layout layouts/application.html.erb
  Rendering articles/show.html.erb within layouts/application
  [1m[36mComment Load (0.0ms)[0m  [1m[34mSELECT "comments".* FROM "comments" WHERE "comments"."article_id" = ?[0m  [["article_id", 1]]
  ↳ app/views/articles/show.html.erb:14
  Rendered collection of templates [0 times] (Duration: 0.0ms | GC: 0.0ms)
  Rendered comments/_form.html.erb (Duration: 1.0ms | GC: 0.0ms)
  Rendered articles/show.html.erb within layouts/application (Duration: 3.0ms | GC: 1.0ms)
  Rendered layout layouts/application.html.erb (Duration: 6.8ms | GC: 1.0ms)
Completed 200 OK in 8ms (Views: 7.1ms | ActiveRecord: 0.1ms (2 queries, 0 cached) | GC: 1.0ms)


Started GET "/articles/1" for ::1 at 2024-10-14 12:46:01 +0200
Processing by ArticlesController#show as HTML
  Parameters: {"id"=>"1"}
  [1m[36mArticle Load (0.1ms)[0m  [1m[34mSELECT "articles".* FROM "articles" WHERE "articles"."id" = ? LIMIT ?[0m  [["id", 1], ["LIMIT", 1]]
  ↳ app/controllers/articles_controller.rb:7:in `show'
  Rendering layout layouts/application.html.erb
  Rendering articles/show.html.erb within layouts/application
  [1m[36mComment Load (0.1ms)[0m  [1m[34mSELECT "comments".* FROM "comments" WHERE "comments"."article_id" = ?[0m  [["article_id", 1]]
  ↳ app/views/articles/show.html.erb:14
  Rendered collection of templates [0 times] (Duration: 0.0ms | GC: 0.0ms)
  Rendered comments/_form.html.erb (Duration: 2.2ms | GC: 1.0ms)
  Rendered articles/show.html.erb within layouts/application (Duration: 3.9ms | GC: 1.0ms)
  Rendered layout layouts/application.html.erb (Duration: 7.2ms | GC: 1.0ms)
Completed 200 OK in 10ms (Views: 7.5ms | ActiveRecord: 0.2ms (2 queries, 0 cached) | GC: 1.0ms)


Started POST "/articles/1/comments" for ::1 at 2024-10-14 12:46:07 +0200
Processing by CommentsController#create as TURBO_STREAM
  Parameters: {"authenticity_token"=>"[FILTERED]", "comment"=>{"commenter"=>"cesar", "body"=>"aasadasfas"}, "commit"=>"Create Comment", "article_id"=>"1"}
  [1m[36mArticle Load (0.1ms)[0m  [1m[34mSELECT "articles".* FROM "articles" WHERE "articles"."id" = ? LIMIT ?[0m  [["id", 1], ["LIMIT", 1]]
  ↳ app/controllers/comments_controller.rb:3:in `create'
  [1m[36mTRANSACTION (0.0ms)[0m  [1m[36mbegin transaction[0m
  ↳ app/controllers/comments_controller.rb:4:in `create'
  [1m[36mComment Create (0.9ms)[0m  [1m[32mINSERT INTO "comments" ("commenter", "body", "article_id", "created_at", "updated_at") VALUES (?, ?, ?, ?, ?) RETURNING "id"[0m  [["commenter", "cesar"], ["body", "aasadasfas"], ["article_id", 1], ["created_at", "2024-10-14 10:46:07.076125"], ["updated_at", "2024-10-14 10:46:07.076125"]]
  ↳ app/controllers/comments_controller.rb:4:in `create'
  [1m[36mTRANSACTION (0.6ms)[0m  [1m[36mcommit transaction[0m
  ↳ app/controllers/comments_controller.rb:4:in `create'
Redirected to http://localhost:3000/articles/1
Completed 302 Found in 7ms (ActiveRecord: 1.6ms (2 queries, 0 cached) | GC: 0.2ms)


Started GET "/articles/1" for ::1 at 2024-10-14 12:46:07 +0200
Processing by ArticlesController#show as TURBO_STREAM
  Parameters: {"id"=>"1"}
  [1m[36mArticle Load (0.1ms)[0m  [1m[34mSELECT "articles".* FROM "articles" WHERE "articles"."id" = ? LIMIT ?[0m  [["id", 1], ["LIMIT", 1]]
  ↳ app/controllers/articles_controller.rb:7:in `show'
  Rendering layout layouts/application.html.erb
  Rendering articles/show.html.erb within layouts/application
  [1m[36mComment Load (0.0ms)[0m  [1m[34mSELECT "comments".* FROM "comments" WHERE "comments"."article_id" = ?[0m  [["article_id", 1]]
  ↳ app/views/articles/show.html.erb:14
  Rendered collection of comments/_comment.html.erb [1 times] (Duration: 0.2ms | GC: 0.0ms)
  Rendered comments/_form.html.erb (Duration: 0.6ms | GC: 0.0ms)
  Rendered articles/show.html.erb within layouts/application (Duration: 2.4ms | GC: 0.1ms)
  Rendered layout layouts/application.html.erb (Duration: 4.8ms | GC: 0.2ms)
Completed 200 OK in 6ms (Views: 4.9ms | ActiveRecord: 0.1ms (2 queries, 0 cached) | GC: 0.2ms)


Started GET "/articles/1/edit" for ::1 at 2024-10-14 12:46:09 +0200
Processing by ArticlesController#edit as HTML
  Parameters: {"id"=>"1"}
  [1m[36mArticle Load (0.1ms)[0m  [1m[34mSELECT "articles".* FROM "articles" WHERE "articles"."id" = ? LIMIT ?[0m  [["id", 1], ["LIMIT", 1]]
  ↳ app/controllers/articles_controller.rb:25:in `edit'
  Rendering layout layouts/application.html.erb
  Rendering articles/edit.html.erb within layouts/application
  Rendered articles/_form.html.erb (Duration: 3.9ms | GC: 0.3ms)
  Rendered articles/edit.html.erb within layouts/application (Duration: 20.1ms | GC: 0.3ms)
  Rendered layout layouts/application.html.erb (Duration: 26.4ms | GC: 0.3ms)
Completed 200 OK in 41ms (Views: 27.0ms | ActiveRecord: 0.1ms (1 query, 0 cached) | GC: 0.3ms)


Started GET "/articles/" for ::1 at 2024-10-14 12:46:14 +0200
Processing by ArticlesController#index as HTML
  Rendering layout layouts/application.html.erb
  Rendering articles/index.html.erb within layouts/application
  [1m[36mArticle Load (0.1ms)[0m  [1m[34mSELECT "articles".* FROM "articles"[0m
  ↳ app/views/articles/index.html.erb:4
  Rendered articles/index.html.erb within layouts/application (Duration: 2.0ms | GC: 0.3ms)
  Rendered layout layouts/application.html.erb (Duration: 5.9ms | GC: 0.7ms)
Completed 200 OK in 8ms (Views: 6.2ms | ActiveRecord: 0.1ms (1 query, 0 cached) | GC: 0.7ms)


Started GET "/manifest.json" for ::1 at 2024-10-14 12:46:14 +0200
  
ActionController::RoutingError (No route matches [GET] "/manifest.json"):
  
Started GET "/articles/1" for ::1 at 2024-10-14 12:46:15 +0200
Processing by ArticlesController#show as HTML
  Parameters: {"id"=>"1"}
  [1m[36mArticle Load (0.1ms)[0m  [1m[34mSELECT "articles".* FROM "articles" WHERE "articles"."id" = ? LIMIT ?[0m  [["id", 1], ["LIMIT", 1]]
  ↳ app/controllers/articles_controller.rb:7:in `show'
  Rendering layout layouts/application.html.erb
  Rendering articles/show.html.erb within layouts/application
  [1m[36mComment Load (0.1ms)[0m  [1m[34mSELECT "comments".* FROM "comments" WHERE "comments"."article_id" = ?[0m  [["article_id", 1]]
  ↳ app/views/articles/show.html.erb:14
  Rendered collection of comments/_comment.html.erb [1 times] (Duration: 0.1ms | GC: 0.0ms)
  Rendered comments/_form.html.erb (Duration: 1.3ms | GC: 0.0ms)
  Rendered articles/show.html.erb within layouts/application (Duration: 3.3ms | GC: 0.3ms)
  Rendered layout layouts/application.html.erb (Duration: 6.5ms | GC: 0.3ms)
Completed 200 OK in 8ms (Views: 6.8ms | ActiveRecord: 0.1ms (2 queries, 0 cached) | GC: 0.3ms)


Started GET "/articles/1" for ::1 at 2024-10-14 15:02:05 +0200
Processing by ArticlesController#show as HTML
  Parameters: {"id"=>"1"}
  [1m[36mArticle Load (4.9ms)[0m  [1m[34mSELECT "articles".* FROM "articles" WHERE "articles"."id" = ? LIMIT ?[0m  [["id", 1], ["LIMIT", 1]]
  ↳ app/controllers/articles_controller.rb:7:in `show'
  Rendering layout layouts/application.html.erb
  Rendering articles/show.html.erb within layouts/application
  [1m[36mComment Load (0.1ms)[0m  [1m[34mSELECT "comments".* FROM "comments" WHERE "comments"."article_id" = ?[0m  [["article_id", 1]]
  ↳ app/views/articles/show.html.erb:14
  Rendered collection of comments/_comment.html.erb [1 times] (Duration: 0.1ms | GC: 0.0ms)
  Rendered comments/_form.html.erb (Duration: 2.4ms | GC: 0.0ms)
  Rendered articles/show.html.erb within layouts/application (Duration: 5.6ms | GC: 0.0ms)
  Rendered layout layouts/application.html.erb (Duration: 14.5ms | GC: 0.0ms)
Completed 200 OK in 25ms (Views: 14.9ms | ActiveRecord: 5.0ms (2 queries, 0 cached) | GC: 0.8ms)


Started GET "/manifest.json" for ::1 at 2024-10-14 15:02:05 +0200
  
ActionController::RoutingError (No route matches [GET] "/manifest.json"):
  
